c:\users\cake\source\repos\graph\graph\x64\debug\vc143.pdb
c:\users\cake\source\repos\graph\graph\x64\debug\.netframework,version=v4.7.2.assemblyattributes.obj
c:\users\cake\source\repos\graph\graph\x64\debug\opengl_on_a_windows_form.obj
c:\users\cake\source\repos\graph\x64\debug\graph.exe
c:\users\cake\source\repos\graph\x64\debug\graph.pdb
c:\users\cake\source\repos\graph\graph\x64\debug\graph.tlog\cl.command.1.tlog
c:\users\cake\source\repos\graph\graph\x64\debug\graph.tlog\cl.read.1.tlog
c:\users\cake\source\repos\graph\graph\x64\debug\graph.tlog\cl.write.1.tlog
c:\users\cake\source\repos\graph\graph\x64\debug\graph.tlog\link.17768-cvtres.read.1.tlog
c:\users\cake\source\repos\graph\graph\x64\debug\graph.tlog\link.17768-cvtres.write.1.tlog
c:\users\cake\source\repos\graph\graph\x64\debug\graph.tlog\link.17768-rc.read.1.tlog
c:\users\cake\source\repos\graph\graph\x64\debug\graph.tlog\link.17768-rc.write.1.tlog
c:\users\cake\source\repos\graph\graph\x64\debug\graph.tlog\link.17768.read.1.tlog
c:\users\cake\source\repos\graph\graph\x64\debug\graph.tlog\link.17768.read.2.tlog
c:\users\cake\source\repos\graph\graph\x64\debug\graph.tlog\link.17768.write.1.tlog
c:\users\cake\source\repos\graph\graph\x64\debug\graph.tlog\link.22152-cvtres.read.1.tlog
c:\users\cake\source\repos\graph\graph\x64\debug\graph.tlog\link.22152-cvtres.write.1.tlog
c:\users\cake\source\repos\graph\graph\x64\debug\graph.tlog\link.22152-rc.read.1.tlog
c:\users\cake\source\repos\graph\graph\x64\debug\graph.tlog\link.22152-rc.write.1.tlog
c:\users\cake\source\repos\graph\graph\x64\debug\graph.tlog\link.22152.read.1.tlog
c:\users\cake\source\repos\graph\graph\x64\debug\graph.tlog\link.22152.read.2.tlog
c:\users\cake\source\repos\graph\graph\x64\debug\graph.tlog\link.22152.write.1.tlog
c:\users\cake\source\repos\graph\graph\x64\debug\graph.tlog\link.command.1.tlog
c:\users\cake\source\repos\graph\graph\x64\debug\graph.tlog\link.read.1.tlog
c:\users\cake\source\repos\graph\graph\x64\debug\graph.tlog\link.read.2.tlog
c:\users\cake\source\repos\graph\graph\x64\debug\graph.tlog\link.write.1.tlog
c:\users\cake\source\repos\graph\graph\x64\debug\graph.tlog\metagen.read.1.tlog
c:\users\cake\source\repos\graph\graph\x64\debug\graph.tlog\metagen.write.1.tlog
c:\users\cake\source\repos\graph\graph\x64\debug\graph.tlog\resgen.command.1.tlog
c:\users\cake\source\repos\graph\graph\x64\debug\graph.tlog\resgen.read.1.tlog
c:\users\cake\source\repos\graph\graph\x64\debug\graph.tlog\resgen.write.1.tlog
